<?xml version="1.0" encoding="UTF-8"?>
<!-- Generated by org.testng.reporters.JUnitXMLReporter -->
<testsuite ignored="0" hostname="Siddharths-MacBook-Air.local" failures="3" tests="7" name="Surefire test" time="0.04" errors="0" timestamp="2024-01-16T20:19:55 IST">
  <testcase classname="TestNG.TestNG_Tests" name="lsetdriver" time="0.0">
    <failure type="org.testng.TestNGException" message="
Parameter &amp;apos;Browser&amp;apos; is required by @Test on method lsetdriver but has not been marked @Optional or defined
">
      <![CDATA[org.testng.TestNGException: 
Parameter 'Browser' is required by @Test on method lsetdriver but has not been marked @Optional or defined

at java.base/java.util.ArrayList.forEach(ArrayList.java:1511)
... Removed 31 stack frames]]>
    </failure>
  </testcase> <!-- lsetdriver -->
  <testcase classname="TestNG.TestNG_Tests" name="site" time="0.002">
    <failure type="java.lang.NullPointerException" message="Cannot invoke &amp;quot;org.openqa.selenium.WebDriver.navigate()&amp;quot; because &amp;quot;this.driver&amp;quot; is null">
      <![CDATA[java.lang.NullPointerException: Cannot invoke "org.openqa.selenium.WebDriver.navigate()" because "this.driver" is null
at TestNG.TestNG_Tests.site(TestNG_Tests.java:35)
at java.base/java.util.ArrayList.forEach(ArrayList.java:1511)
... Removed 32 stack frames]]>
    </failure>
  </testcase> <!-- site -->
  <testcase classname="TestNG.TestNG_Tests" name="Verify_Title" time="0.002">
    <skipped/>
  </testcase> <!-- Verify_Title -->
  <testcase classname="TestNG.TestNG_Tests" name="Verify_Title" time="0.0">
    <skipped/>
  </testcase> <!-- Verify_Title -->
  <testcase classname="TestNG.TestNG_Tests" name="Verify_Title" time="0.0">
    <skipped/>
  </testcase> <!-- Verify_Title -->
  <testcase classname="TestNG.TestNG_Tests" name="Verify_Title" time="0.0">
    <failure type="java.lang.AssertionError" message="expected [false] but found [true]">
      <![CDATA[java.lang.AssertionError: expected [false] but found [true]
at TestNG.TestNG_Tests.Verify_Title(TestNG_Tests.java:45)
at java.base/java.util.ArrayList.forEach(ArrayList.java:1511)
... Removed 36 stack frames]]>
    </failure>
  </testcase> <!-- Verify_Title -->
  <testcase classname="TestNG.TestNG_Tests" name="closedriver" time="0.0">
    <skipped/>
  </testcase> <!-- closedriver -->
</testsuite> <!-- Surefire test -->
