<?xml version="1.0" encoding="UTF-8"?>
<!-- Generated by org.testng.reporters.JUnitXMLReporter -->
<testsuite ignored="0" hostname="Siddharths-MacBook-Air.local" failures="3" tests="13" name="Test" time="1.236" errors="0" timestamp="2023-07-14T16:00:13 IST">
  <testcase classname="TestNG.TestNG_Tests" name="lsetdriver" time="0.688">
    <skipped/>
  </testcase> <!-- lsetdriver -->
  <testcase classname="TestNG.TestNG_Tests" name="lsetdriver" time="0.167">
    <skipped/>
  </testcase> <!-- lsetdriver -->
  <testcase classname="TestNG.TestNG_Tests" name="lsetdriver" time="0.162">
    <skipped/>
  </testcase> <!-- lsetdriver -->
  <testcase classname="TestNG.TestNG_Tests" name="lsetdriver" time="0.17">
    <failure type="org.openqa.selenium.SessionNotCreatedException" message="Could not start a new session. Response code 500. Message: Could not create a session: The Safari instance is already paired with another WebDriver session. 
Host info: host: &amp;apos;Siddharths-MacBook-Air.local&amp;apos;, ip: &amp;apos;fe80:0:0:0:1ce7:db1f:ca73:33a1%en0&amp;apos;
Build info: version: &amp;apos;4.10.0&amp;apos;, revision: &amp;apos;c14d967899&amp;apos;
System info: os.name: &amp;apos;Mac OS X&amp;apos;, os.arch: &amp;apos;aarch64&amp;apos;, os.version: &amp;apos;13.4&amp;apos;, java.version: &amp;apos;17.0.6&amp;apos;
Driver info: org.openqa.selenium.safari.SafariDriver
Command: [null, newSession {capabilities=[Capabilities {browserName: safari}]}]
Capabilities {browserName: safari}">
      <![CDATA[org.openqa.selenium.SessionNotCreatedException: Could not start a new session. Response code 500. Message: Could not create a session: The Safari instance is already paired with another WebDriver session. 
Host info: host: 'Siddharths-MacBook-Air.local', ip: 'fe80:0:0:0:1ce7:db1f:ca73:33a1%en0'
Build info: version: '4.10.0', revision: 'c14d967899'
System info: os.name: 'Mac OS X', os.arch: 'aarch64', os.version: '13.4', java.version: '17.0.6'
Driver info: org.openqa.selenium.safari.SafariDriver
Command: [null, newSession {capabilities=[Capabilities {browserName: safari}]}]
Capabilities {browserName: safari}
at org.openqa.selenium.remote.ProtocolHandshake.createSession(ProtocolHandshake.java:140)
at org.openqa.selenium.remote.ProtocolHandshake.createSession(ProtocolHandshake.java:96)
at org.openqa.selenium.remote.ProtocolHandshake.createSession(ProtocolHandshake.java:68)
at org.openqa.selenium.remote.HttpCommandExecutor.execute(HttpCommandExecutor.java:163)
at org.openqa.selenium.remote.service.DriverCommandExecutor.invokeExecute(DriverCommandExecutor.java:196)
at org.openqa.selenium.remote.service.DriverCommandExecutor.execute(DriverCommandExecutor.java:171)
at org.openqa.selenium.remote.RemoteWebDriver.execute(RemoteWebDriver.java:531)
at org.openqa.selenium.remote.RemoteWebDriver.startSession(RemoteWebDriver.java:227)
at org.openqa.selenium.remote.RemoteWebDriver.<init>(RemoteWebDriver.java:154)
at org.openqa.selenium.safari.SafariDriver.<init>(SafariDriver.java:83)
at org.openqa.selenium.safari.SafariDriver.<init>(SafariDriver.java:79)
at org.openqa.selenium.safari.SafariDriver.<init>(SafariDriver.java:56)
at org.openqa.selenium.safari.SafariDriver.<init>(SafariDriver.java:47)
at TestNG.TestNG_Tests.lsetdriver(TestNG_Tests.java:26)
at java.base/java.util.ArrayList.forEach(ArrayList.java:1511)
... Removed 27 stack frames]]>
    </failure>
  </testcase> <!-- lsetdriver -->
  <testcase classname="TestNG.TestNG_Tests" name="site" time="0.001">
    <skipped/>
  </testcase> <!-- site -->
  <testcase classname="TestNG.TestNG_Tests" name="site" time="0.0">
    <skipped/>
  </testcase> <!-- site -->
  <testcase classname="TestNG.TestNG_Tests" name="site" time="0.0">
    <skipped/>
  </testcase> <!-- site -->
  <testcase classname="TestNG.TestNG_Tests" name="site" time="0.0">
    <failure type="java.lang.NullPointerException" message="Cannot invoke &amp;quot;org.openqa.selenium.WebDriver.navigate()&amp;quot; because &amp;quot;this.driver&amp;quot; is null">
      <![CDATA[java.lang.NullPointerException: Cannot invoke "org.openqa.selenium.WebDriver.navigate()" because "this.driver" is null
at TestNG.TestNG_Tests.site(TestNG_Tests.java:35)
at java.base/java.util.ArrayList.forEach(ArrayList.java:1511)
... Removed 27 stack frames]]>
    </failure>
  </testcase> <!-- site -->
  <testcase classname="TestNG.TestNG_Tests" name="Verify_Title" time="0.003">
    <skipped/>
  </testcase> <!-- Verify_Title -->
  <testcase classname="TestNG.TestNG_Tests" name="Verify_Title" time="0.001">
    <skipped/>
  </testcase> <!-- Verify_Title -->
  <testcase classname="TestNG.TestNG_Tests" name="Verify_Title" time="0.0">
    <skipped/>
  </testcase> <!-- Verify_Title -->
  <testcase classname="TestNG.TestNG_Tests" name="Verify_Title" time="0.0">
    <failure type="java.lang.AssertionError" message="expected [false] but found [true]">
      <![CDATA[java.lang.AssertionError: expected [false] but found [true]
at TestNG.TestNG_Tests.Verify_Title(TestNG_Tests.java:45)
at java.base/java.util.ArrayList.forEach(ArrayList.java:1511)
... Removed 31 stack frames]]>
    </failure>
  </testcase> <!-- Verify_Title -->
  <testcase classname="TestNG.TestNG_Tests" name="closedriver" time="0.0">
    <skipped/>
  </testcase> <!-- closedriver -->
</testsuite> <!-- Test -->
